19:29:02.406 [main] DEBUG com.intuit.karate.Suite - [config] classpath:karate-config.js
19:29:03.319 [main] INFO  com.intuit.karate - karate.env system property was: null 
19:29:03.632 [main] DEBUG com.intuit.karate - request:
1 > POST https://codefact.udea.edu.co/modulo-01/public/api/auth/login
1 > Content-Type: application/json; charset=UTF-8
1 > Content-Length: 69
1 > Host: codefact.udea.edu.co
1 > Connection: Keep-Alive
1 > User-Agent: Apache-HttpClient/4.5.14 (Java/21.0.3)
1 > Accept-Encoding: gzip,deflate
{"username":"john.doe@example.com","password":"Aj_H|u4{p85v\/!{3+kp"}

19:29:04.028 [main] DEBUG com.intuit.karate - response time in milliseconds: 393
1 < 200
1 < Server: nginx/1.14.1
1 < Date: Wed, 29 May 2024 00:29:03 GMT
1 < Content-Type: application/json
1 < Transfer-Encoding: chunked
1 < Connection: keep-alive
1 < Vary: Origin
1 < Vary: Access-Control-Request-Method
1 < Vary: Access-Control-Request-Headers
1 < X-Content-Type-Options: nosniff
1 < X-XSS-Protection: 1; mode=block
1 < Cache-Control: no-cache, no-store, max-age=0, must-revalidate
1 < Pragma: no-cache
1 < Expires: 0
1 < Strict-Transport-Security: max-age=31536000 ; includeSubDomains
1 < X-Frame-Options: DENY
1 < Content-Security-Policy: default-src 'self';base-uri 'self';font-src 'self' https: data:;form-action 'self';frame-ancestors 'self';img-src 'self' data:;object-src 'none';script-src 'self';script-src-attr 'none';style-src 'self' https: 'unsafe-inline';upgrade-insecure-requests
{"token":"eyJhbGciOiJIUzI1NiJ9.eyJzdWIiOiJqb2huLmRvZUBleGFtcGxlLmNvbSIsImlzcyI6IlNpdGFzIiwiaWF0IjoxNzE2OTQyNTQzLCJleHAiOjE3MTY5NDM0NDN9.Qlrhi5vpiSS_hoxIcGpEevkOAwg3IhXK-K_kc6VtsMY"}

19:29:04.048 [main] INFO  com.intuit.karate - karate.env system property was: null 
19:29:04.053 [main] DEBUG com.intuit.karate - request:
1 > POST https://codefact.udea.edu.co/modulo-01/public/api/auth/login
1 > Content-Type: application/json; charset=UTF-8
1 > Content-Length: 57
1 > Host: codefact.udea.edu.co
1 > Connection: Keep-Alive
1 > User-Agent: Apache-HttpClient/4.5.14 (Java/21.0.3)
1 > Accept-Encoding: gzip,deflate
{"username":"john.doe@example.com","password":"password"}

19:29:04.261 [main] DEBUG com.intuit.karate - response time in milliseconds: 208
1 < 401
1 < Server: nginx/1.14.1
1 < Date: Wed, 29 May 2024 00:29:03 GMT
1 < Content-Type: text/plain;charset=UTF-8
1 < Content-Length: 29
1 < Connection: keep-alive
1 < Vary: Origin
1 < Vary: Access-Control-Request-Method
1 < Vary: Access-Control-Request-Headers
1 < X-Content-Type-Options: nosniff
1 < X-XSS-Protection: 1; mode=block
1 < Cache-Control: no-cache, no-store, max-age=0, must-revalidate
1 < Pragma: no-cache
1 < Expires: 0
1 < Strict-Transport-Security: max-age=31536000 ; includeSubDomains
1 < X-Frame-Options: DENY
1 < Content-Security-Policy: default-src 'self';base-uri 'self';font-src 'self' https: data:;form-action 'self';frame-ancestors 'self';img-src 'self' data:;object-src 'none';script-src 'self';script-src-attr 'none';style-src 'self' https: 'unsafe-inline';upgrade-insecure-requests
Login failed: Bad credentials

19:29:05.235 [main] DEBUG com.intuit.karate.Suite - [config] classpath:karate-config.js
19:29:05.244 [main] INFO  com.intuit.karate - karate.env system property was: null 
19:29:05.246 [main] DEBUG com.intuit.karate - request:
1 > POST https://codefact.udea.edu.co/modulo-01/public/api/auth/register
1 > Content-Type: application/json; charset=UTF-8
1 > Content-Length: 304
1 > Host: codefact.udea.edu.co
1 > Connection: Keep-Alive
1 > User-Agent: Apache-HttpClient/4.5.14 (Java/21.0.3)
1 > Accept-Encoding: gzip,deflate
{"cc":"","idType":"pasaporte","firstname":"Esteban","lastname":"Salas","password":"Aj_H|u4{p85v\/!{3+kp","mail":"esteban.salas@example.com","country":"USA","province":"California","city":"San Francisco","residence":"123 Main St, Apt 4B","phone":"123-456-7890","role":"ROLE_USER","birthdate":"1985-10-15"}

19:29:05.360 [main] DEBUG com.intuit.karate - response time in milliseconds: 112
1 < 400
1 < Server: nginx/1.14.1
1 < Date: Wed, 29 May 2024 00:29:05 GMT
1 < Content-Type: application/json
1 < Transfer-Encoding: chunked
1 < Connection: keep-alive
1 < Vary: Origin
1 < Vary: Access-Control-Request-Method
1 < Vary: Access-Control-Request-Headers
1 < X-Content-Type-Options: nosniff
1 < X-XSS-Protection: 1; mode=block
1 < Cache-Control: no-cache, no-store, max-age=0, must-revalidate
1 < Pragma: no-cache
1 < Expires: 0
1 < Strict-Transport-Security: max-age=31536000 ; includeSubDomains
1 < X-Frame-Options: DENY
1 < Content-Security-Policy: default-src 'self';base-uri 'self';font-src 'self' https: data:;form-action 'self';frame-ancestors 'self';img-src 'self' data:;object-src 'none';script-src 'self';script-src-attr 'none';style-src 'self' https: 'unsafe-inline';upgrade-insecure-requests
[{"codes":["Pattern.personRegistrationDTO.cc","Pattern.cc","Pattern.java.lang.String","Pattern"],"arguments":[{"codes":["personRegistrationDTO.cc","cc"],"arguments":null,"defaultMessage":"cc","code":"cc"},[],{"codes":["^[0-9]{10}$"],"defaultMessage":"^[0-9]{10}$","arguments":null}],"defaultMessage":"CC must be 10 digits","objectName":"personRegistrationDTO","field":"cc","rejectedValue":"","bindingFailure":false,"code":"Pattern"},{"codes":["NotBlank.personRegistrationDTO.cc","NotBlank.cc","NotBlank.java.lang.String","NotBlank"],"arguments":[{"codes":["personRegistrationDTO.cc","cc"],"arguments":null,"defaultMessage":"cc","code":"cc"}],"defaultMessage":"CC (Cédula) is required","objectName":"personRegistrationDTO","field":"cc","rejectedValue":"","bindingFailure":false,"code":"NotBlank"}]

19:29:05.371 [main] INFO  com.intuit.karate - karate.env system property was: null 
19:29:05.373 [main] DEBUG com.intuit.karate - request:
1 > POST https://codefact.udea.edu.co/modulo-01/public/api/auth/register
1 > Content-Type: application/json; charset=UTF-8
1 > Content-Length: 308
1 > Host: codefact.udea.edu.co
1 > Connection: Keep-Alive
1 > User-Agent: Apache-HttpClient/4.5.14 (Java/21.0.3)
1 > Accept-Encoding: gzip,deflate
{"cc":"1111","idType":"pasaporte","firstname":"Esteban","lastname":"Salas","password":"Aj_H|u4{p85v\/!{3+kp","mail":"esteban.salas@example.com","country":"USA","province":"California","city":"San Francisco","residence":"123 Main St, Apt 4B","phone":"123-456-7890","role":"ROLE_USER","birthdate":"1985-10-15"}

19:29:05.484 [main] DEBUG com.intuit.karate - response time in milliseconds: 110
1 < 400
1 < Server: nginx/1.14.1
1 < Date: Wed, 29 May 2024 00:29:05 GMT
1 < Content-Type: application/json
1 < Transfer-Encoding: chunked
1 < Connection: keep-alive
1 < Vary: Origin
1 < Vary: Access-Control-Request-Method
1 < Vary: Access-Control-Request-Headers
1 < X-Content-Type-Options: nosniff
1 < X-XSS-Protection: 1; mode=block
1 < Cache-Control: no-cache, no-store, max-age=0, must-revalidate
1 < Pragma: no-cache
1 < Expires: 0
1 < Strict-Transport-Security: max-age=31536000 ; includeSubDomains
1 < X-Frame-Options: DENY
1 < Content-Security-Policy: default-src 'self';base-uri 'self';font-src 'self' https: data:;form-action 'self';frame-ancestors 'self';img-src 'self' data:;object-src 'none';script-src 'self';script-src-attr 'none';style-src 'self' https: 'unsafe-inline';upgrade-insecure-requests
[{"codes":["Pattern.personRegistrationDTO.cc","Pattern.cc","Pattern.java.lang.String","Pattern"],"arguments":[{"codes":["personRegistrationDTO.cc","cc"],"arguments":null,"defaultMessage":"cc","code":"cc"},[],{"codes":["^[0-9]{10}$"],"defaultMessage":"^[0-9]{10}$","arguments":null}],"defaultMessage":"CC must be 10 digits","objectName":"personRegistrationDTO","field":"cc","rejectedValue":"1111","bindingFailure":false,"code":"Pattern"}]

19:29:05.495 [main] INFO  com.intuit.karate - karate.env system property was: null 
19:29:05.498 [main] DEBUG com.intuit.karate - request:
1 > POST https://codefact.udea.edu.co/modulo-01/public/api/auth/register
1 > Content-Type: application/json; charset=UTF-8
1 > Content-Length: 315
1 > Host: codefact.udea.edu.co
1 > Connection: Keep-Alive
1 > User-Agent: Apache-HttpClient/4.5.14 (Java/21.0.3)
1 > Accept-Encoding: gzip,deflate
{"cc":"11111111111","idType":"pasaporte","firstname":"Esteban","lastname":"Salas","password":"Aj_H|u4{p85v\/!{3+kp","mail":"esteban.salas@example.com","country":"USA","province":"California","city":"San Francisco","residence":"123 Main St, Apt 4B","phone":"123-456-7890","role":"ROLE_USER","birthdate":"1985-10-15"}

19:29:05.610 [main] DEBUG com.intuit.karate - response time in milliseconds: 110
1 < 400
1 < Server: nginx/1.14.1
1 < Date: Wed, 29 May 2024 00:29:05 GMT
1 < Content-Type: application/json
1 < Transfer-Encoding: chunked
1 < Connection: keep-alive
1 < Vary: Origin
1 < Vary: Access-Control-Request-Method
1 < Vary: Access-Control-Request-Headers
1 < X-Content-Type-Options: nosniff
1 < X-XSS-Protection: 1; mode=block
1 < Cache-Control: no-cache, no-store, max-age=0, must-revalidate
1 < Pragma: no-cache
1 < Expires: 0
1 < Strict-Transport-Security: max-age=31536000 ; includeSubDomains
1 < X-Frame-Options: DENY
1 < Content-Security-Policy: default-src 'self';base-uri 'self';font-src 'self' https: data:;form-action 'self';frame-ancestors 'self';img-src 'self' data:;object-src 'none';script-src 'self';script-src-attr 'none';style-src 'self' https: 'unsafe-inline';upgrade-insecure-requests
[{"codes":["Pattern.personRegistrationDTO.cc","Pattern.cc","Pattern.java.lang.String","Pattern"],"arguments":[{"codes":["personRegistrationDTO.cc","cc"],"arguments":null,"defaultMessage":"cc","code":"cc"},[],{"codes":["^[0-9]{10}$"],"defaultMessage":"^[0-9]{10}$","arguments":null}],"defaultMessage":"CC must be 10 digits","objectName":"personRegistrationDTO","field":"cc","rejectedValue":"11111111111","bindingFailure":false,"code":"Pattern"}]

19:29:05.622 [main] INFO  com.intuit.karate - karate.env system property was: null 
19:29:05.626 [main] DEBUG com.intuit.karate - request:
1 > POST https://codefact.udea.edu.co/modulo-01/public/api/auth/register
1 > Content-Type: application/json; charset=UTF-8
1 > Content-Length: 305
1 > Host: codefact.udea.edu.co
1 > Connection: Keep-Alive
1 > User-Agent: Apache-HttpClient/4.5.14 (Java/21.0.3)
1 > Accept-Encoding: gzip,deflate
{"cc":"1111111111","idType":"","firstname":"Esteban","lastname":"Salas","password":"Aj_H|u4{p85v\/!{3+kp","mail":"esteban.salas@example.com","country":"USA","province":"California","city":"San Francisco","residence":"123 Main St, Apt 4B","phone":"123-456-7890","role":"ROLE_USER","birthdate":"1985-10-15"}

19:29:05.737 [main] DEBUG com.intuit.karate - response time in milliseconds: 110
1 < 400
1 < Server: nginx/1.14.1
1 < Date: Wed, 29 May 2024 00:29:05 GMT
1 < Content-Type: application/json
1 < Transfer-Encoding: chunked
1 < Connection: keep-alive
1 < Vary: Origin
1 < Vary: Access-Control-Request-Method
1 < Vary: Access-Control-Request-Headers
1 < X-Content-Type-Options: nosniff
1 < X-XSS-Protection: 1; mode=block
1 < Cache-Control: no-cache, no-store, max-age=0, must-revalidate
1 < Pragma: no-cache
1 < Expires: 0
1 < Strict-Transport-Security: max-age=31536000 ; includeSubDomains
1 < X-Frame-Options: DENY
1 < Content-Security-Policy: default-src 'self';base-uri 'self';font-src 'self' https: data:;form-action 'self';frame-ancestors 'self';img-src 'self' data:;object-src 'none';script-src 'self';script-src-attr 'none';style-src 'self' https: 'unsafe-inline';upgrade-insecure-requests
[{"codes":["NotBlank.personRegistrationDTO.idType","NotBlank.idType","NotBlank.java.lang.String","NotBlank"],"arguments":[{"codes":["personRegistrationDTO.idType","idType"],"arguments":null,"defaultMessage":"idType","code":"idType"}],"defaultMessage":"ID type is required","objectName":"personRegistrationDTO","field":"idType","rejectedValue":"","bindingFailure":false,"code":"NotBlank"}]

19:29:05.746 [main] INFO  com.intuit.karate - karate.env system property was: null 
19:29:05.750 [main] DEBUG com.intuit.karate - request:
1 > POST https://codefact.udea.edu.co/modulo-01/public/api/auth/register
1 > Content-Type: application/json; charset=UTF-8
1 > Content-Length: 309
1 > Host: codefact.udea.edu.co
1 > Connection: Keep-Alive
1 > User-Agent: Apache-HttpClient/4.5.14 (Java/21.0.3)
1 > Accept-Encoding: gzip,deflate
{"cc":"1111111111","idType":"hola","firstname":"Esteban","lastname":"Salas","password":"Aj_H|u4{p85v\/!{3+kp","mail":"esteban.salas@example.com","country":"USA","province":"California","city":"San Francisco","residence":"123 Main St, Apt 4B","phone":"123-456-7890","role":"ROLE_USER","birthdate":"1985-10-15"}

19:29:05.863 [main] DEBUG com.intuit.karate - response time in milliseconds: 113
1 < 400
1 < Server: nginx/1.14.1
1 < Date: Wed, 29 May 2024 00:29:05 GMT
1 < Content-Type: text/plain;charset=UTF-8
1 < Content-Length: 79
1 < Connection: keep-alive
1 < Vary: Origin
1 < Vary: Access-Control-Request-Method
1 < Vary: Access-Control-Request-Headers
1 < X-Content-Type-Options: nosniff
1 < X-XSS-Protection: 1; mode=block
1 < Cache-Control: no-cache, no-store, max-age=0, must-revalidate
1 < Pragma: no-cache
1 < Expires: 0
1 < Strict-Transport-Security: max-age=31536000 ; includeSubDomains
1 < X-Frame-Options: DENY
1 < Content-Security-Policy: default-src 'self';base-uri 'self';font-src 'self' https: data:;form-action 'self';frame-ancestors 'self';img-src 'self' data:;object-src 'none';script-src 'self';script-src-attr 'none';style-src 'self' https: 'unsafe-inline';upgrade-insecure-requests
Registration failed: Person with email esteban.salas@example.com already exists

19:29:05.879 [main] ERROR com.intuit.karate - classpath:udea/register/register.feature:123
Then match response[*].defaultMessage contains 'ID type must be cedula or pasaporte'
js failed:
>>>>
01: response[*].defaultMessage
<<<<
org.graalvm.polyglot.PolyglotException: SyntaxError: Unnamed:1:9 Expected an operand but found *
response[*].defaultMessage
         ^

- org.graalvm.polyglot.Context.eval(Context.java:425)
- com.intuit.karate.graal.JsEngine.evalForValue(JsEngine.java:169)
- com.intuit.karate.graal.JsEngine.eval(JsEngine.java:165)
- com.intuit.karate.core.ScenarioEngine.evalJs(ScenarioEngine.java:1286)
- com.intuit.karate.core.ScenarioEngine.evalKarateExpression(ScenarioEngine.java:2238)
- com.intuit.karate.core.ScenarioEngine.evalKarateExpression(ScenarioEngine.java:2157)
- com.intuit.karate.core.ScenarioEngine.match(ScenarioEngine.java:1825)

classpath:udea/register/register.feature:123
19:29:05.891 [main] INFO  com.intuit.karate - karate.env system property was: null 
19:29:05.893 [main] DEBUG com.intuit.karate - request:
1 > POST https://codefact.udea.edu.co/modulo-01/public/api/auth/register
1 > Content-Type: application/json; charset=UTF-8
1 > Content-Length: 307
1 > Host: codefact.udea.edu.co
1 > Connection: Keep-Alive
1 > User-Agent: Apache-HttpClient/4.5.14 (Java/21.0.3)
1 > Accept-Encoding: gzip,deflate
{"cc":"1111111111","idType":"pasaporte","firstname":"","lastname":"Salas","password":"Aj_H|u4{p85v\/!{3+kp","mail":"esteban.salas@example.com","country":"USA","province":"California","city":"San Francisco","residence":"123 Main St, Apt 4B","phone":"123-456-7890","role":"ROLE_USER","birthdate":"1985-10-15"}

19:29:06.014 [main] DEBUG com.intuit.karate - response time in milliseconds: 121
1 < 400
1 < Server: nginx/1.14.1
1 < Date: Wed, 29 May 2024 00:29:05 GMT
1 < Content-Type: application/json
1 < Transfer-Encoding: chunked
1 < Connection: keep-alive
1 < Vary: Origin
1 < Vary: Access-Control-Request-Method
1 < Vary: Access-Control-Request-Headers
1 < X-Content-Type-Options: nosniff
1 < X-XSS-Protection: 1; mode=block
1 < Cache-Control: no-cache, no-store, max-age=0, must-revalidate
1 < Pragma: no-cache
1 < Expires: 0
1 < Strict-Transport-Security: max-age=31536000 ; includeSubDomains
1 < X-Frame-Options: DENY
1 < Content-Security-Policy: default-src 'self';base-uri 'self';font-src 'self' https: data:;form-action 'self';frame-ancestors 'self';img-src 'self' data:;object-src 'none';script-src 'self';script-src-attr 'none';style-src 'self' https: 'unsafe-inline';upgrade-insecure-requests
[{"codes":["NotBlank.personRegistrationDTO.firstname","NotBlank.firstname","NotBlank.java.lang.String","NotBlank"],"arguments":[{"codes":["personRegistrationDTO.firstname","firstname"],"arguments":null,"defaultMessage":"firstname","code":"firstname"}],"defaultMessage":"First name is required","objectName":"personRegistrationDTO","field":"firstname","rejectedValue":"","bindingFailure":false,"code":"NotBlank"}]

19:29:06.023 [main] INFO  com.intuit.karate - karate.env system property was: null 
19:29:06.025 [main] DEBUG com.intuit.karate - request:
1 > POST https://codefact.udea.edu.co/modulo-01/public/api/auth/register
1 > Content-Type: application/json; charset=UTF-8
1 > Content-Length: 311
1 > Host: codefact.udea.edu.co
1 > Connection: Keep-Alive
1 > User-Agent: Apache-HttpClient/4.5.14 (Java/21.0.3)
1 > Accept-Encoding: gzip,deflate
{"cc":"1111111111","idType":"pasaporte","firstname":"1234","lastname":"Salas","password":"Aj_H|u4{p85v\/!{3+kp","mail":"esteban.salas@example.com","country":"USA","province":"California","city":"San Francisco","residence":"123 Main St, Apt 4B","phone":"123-456-7890","role":"ROLE_USER","birthdate":"1985-10-15"}

19:29:06.137 [main] DEBUG com.intuit.karate - response time in milliseconds: 110
1 < 400
1 < Server: nginx/1.14.1
1 < Date: Wed, 29 May 2024 00:29:05 GMT
1 < Content-Type: text/plain;charset=UTF-8
1 < Content-Length: 79
1 < Connection: keep-alive
1 < Vary: Origin
1 < Vary: Access-Control-Request-Method
1 < Vary: Access-Control-Request-Headers
1 < X-Content-Type-Options: nosniff
1 < X-XSS-Protection: 1; mode=block
1 < Cache-Control: no-cache, no-store, max-age=0, must-revalidate
1 < Pragma: no-cache
1 < Expires: 0
1 < Strict-Transport-Security: max-age=31536000 ; includeSubDomains
1 < X-Frame-Options: DENY
1 < Content-Security-Policy: default-src 'self';base-uri 'self';font-src 'self' https: data:;form-action 'self';frame-ancestors 'self';img-src 'self' data:;object-src 'none';script-src 'self';script-src-attr 'none';style-src 'self' https: 'unsafe-inline';upgrade-insecure-requests
Registration failed: Person with email esteban.salas@example.com already exists

19:29:06.140 [main] ERROR com.intuit.karate - classpath:udea/register/register.feature:171
Then match response[*].defaultMessage contains 'First name must contain only letters'
js failed:
>>>>
01: response[*].defaultMessage
<<<<
org.graalvm.polyglot.PolyglotException: SyntaxError: Unnamed:1:9 Expected an operand but found *
response[*].defaultMessage
         ^

- org.graalvm.polyglot.Context.eval(Context.java:425)
- com.intuit.karate.graal.JsEngine.evalForValue(JsEngine.java:169)
- com.intuit.karate.graal.JsEngine.eval(JsEngine.java:165)
- com.intuit.karate.core.ScenarioEngine.evalJs(ScenarioEngine.java:1286)
- com.intuit.karate.core.ScenarioEngine.evalKarateExpression(ScenarioEngine.java:2238)
- com.intuit.karate.core.ScenarioEngine.evalKarateExpression(ScenarioEngine.java:2157)
- com.intuit.karate.core.ScenarioEngine.match(ScenarioEngine.java:1825)

classpath:udea/register/register.feature:171
19:29:06.145 [main] INFO  com.intuit.karate - karate.env system property was: null 
19:29:06.147 [main] DEBUG com.intuit.karate - request:
1 > POST https://codefact.udea.edu.co/modulo-01/public/api/auth/register
1 > Content-Type: application/json; charset=UTF-8
1 > Content-Length: 309
1 > Host: codefact.udea.edu.co
1 > Connection: Keep-Alive
1 > User-Agent: Apache-HttpClient/4.5.14 (Java/21.0.3)
1 > Accept-Encoding: gzip,deflate
{"cc":"1111111111","idType":"pasaporte","firstname":"Esteban","lastname":"","password":"Aj_H|u4{p85v\/!{3+kp","mail":"esteban.salas@example.com","country":"USA","province":"California","city":"San Francisco","residence":"123 Main St, Apt 4B","phone":"123-456-7890","role":"ROLE_USER","birthdate":"1985-10-15"}

19:29:06.256 [main] DEBUG com.intuit.karate - response time in milliseconds: 107
1 < 400
1 < Server: nginx/1.14.1
1 < Date: Wed, 29 May 2024 00:29:05 GMT
1 < Content-Type: application/json
1 < Transfer-Encoding: chunked
1 < Connection: keep-alive
1 < Vary: Origin
1 < Vary: Access-Control-Request-Method
1 < Vary: Access-Control-Request-Headers
1 < X-Content-Type-Options: nosniff
1 < X-XSS-Protection: 1; mode=block
1 < Cache-Control: no-cache, no-store, max-age=0, must-revalidate
1 < Pragma: no-cache
1 < Expires: 0
1 < Strict-Transport-Security: max-age=31536000 ; includeSubDomains
1 < X-Frame-Options: DENY
1 < Content-Security-Policy: default-src 'self';base-uri 'self';font-src 'self' https: data:;form-action 'self';frame-ancestors 'self';img-src 'self' data:;object-src 'none';script-src 'self';script-src-attr 'none';style-src 'self' https: 'unsafe-inline';upgrade-insecure-requests
[{"codes":["NotBlank.personRegistrationDTO.lastname","NotBlank.lastname","NotBlank.java.lang.String","NotBlank"],"arguments":[{"codes":["personRegistrationDTO.lastname","lastname"],"arguments":null,"defaultMessage":"lastname","code":"lastname"}],"defaultMessage":"Last name is required","objectName":"personRegistrationDTO","field":"lastname","rejectedValue":"","bindingFailure":false,"code":"NotBlank"}]

19:29:06.261 [main] INFO  com.intuit.karate - karate.env system property was: null 
19:29:06.263 [main] DEBUG com.intuit.karate - request:
1 > POST https://codefact.udea.edu.co/modulo-01/public/api/auth/register
1 > Content-Type: application/json; charset=UTF-8
1 > Content-Length: 313
1 > Host: codefact.udea.edu.co
1 > Connection: Keep-Alive
1 > User-Agent: Apache-HttpClient/4.5.14 (Java/21.0.3)
1 > Accept-Encoding: gzip,deflate
{"cc":"1111111111","idType":"pasaporte","firstname":"Esteban","lastname":"1234","password":"Aj_H|u4{p85v\/!{3+kp","mail":"esteban.salas@example.com","country":"USA","province":"California","city":"San Francisco","residence":"123 Main St, Apt 4B","phone":"123-456-7890","role":"ROLE_USER","birthdate":"1985-10-15"}

19:29:06.374 [main] DEBUG com.intuit.karate - response time in milliseconds: 110
1 < 400
1 < Server: nginx/1.14.1
1 < Date: Wed, 29 May 2024 00:29:06 GMT
1 < Content-Type: text/plain;charset=UTF-8
1 < Content-Length: 79
1 < Connection: keep-alive
1 < Vary: Origin
1 < Vary: Access-Control-Request-Method
1 < Vary: Access-Control-Request-Headers
1 < X-Content-Type-Options: nosniff
1 < X-XSS-Protection: 1; mode=block
1 < Cache-Control: no-cache, no-store, max-age=0, must-revalidate
1 < Pragma: no-cache
1 < Expires: 0
1 < Strict-Transport-Security: max-age=31536000 ; includeSubDomains
1 < X-Frame-Options: DENY
1 < Content-Security-Policy: default-src 'self';base-uri 'self';font-src 'self' https: data:;form-action 'self';frame-ancestors 'self';img-src 'self' data:;object-src 'none';script-src 'self';script-src-attr 'none';style-src 'self' https: 'unsafe-inline';upgrade-insecure-requests
Registration failed: Person with email esteban.salas@example.com already exists

19:29:06.378 [main] ERROR com.intuit.karate - classpath:udea/register/register.feature:219
Then match response[*].defaultMessage contains 'Last name must contain only letters'
js failed:
>>>>
01: response[*].defaultMessage
<<<<
org.graalvm.polyglot.PolyglotException: SyntaxError: Unnamed:1:9 Expected an operand but found *
response[*].defaultMessage
         ^

- org.graalvm.polyglot.Context.eval(Context.java:425)
- com.intuit.karate.graal.JsEngine.evalForValue(JsEngine.java:169)
- com.intuit.karate.graal.JsEngine.eval(JsEngine.java:165)
- com.intuit.karate.core.ScenarioEngine.evalJs(ScenarioEngine.java:1286)
- com.intuit.karate.core.ScenarioEngine.evalKarateExpression(ScenarioEngine.java:2238)
- com.intuit.karate.core.ScenarioEngine.evalKarateExpression(ScenarioEngine.java:2157)
- com.intuit.karate.core.ScenarioEngine.match(ScenarioEngine.java:1825)

classpath:udea/register/register.feature:219
19:29:06.384 [main] INFO  com.intuit.karate - karate.env system property was: null 
19:29:06.386 [main] DEBUG com.intuit.karate - request:
1 > POST https://codefact.udea.edu.co/modulo-01/public/api/auth/register
1 > Content-Type: application/json; charset=UTF-8
1 > Content-Length: 289
1 > Host: codefact.udea.edu.co
1 > Connection: Keep-Alive
1 > User-Agent: Apache-HttpClient/4.5.14 (Java/21.0.3)
1 > Accept-Encoding: gzip,deflate
{"cc":"1111111111","idType":"pasaporte","firstname":"Esteban","lastname":"Salas","password":"Aj_H|u4{p85v\/!{3+kp","mail":"","country":"USA","province":"California","city":"San Francisco","residence":"123 Main St, Apt 4B","phone":"123-456-7890","role":"ROLE_USER","birthdate":"1985-10-15"}

19:29:06.586 [main] DEBUG com.intuit.karate - response time in milliseconds: 200
1 < 201
1 < Server: nginx/1.14.1
1 < Date: Wed, 29 May 2024 00:29:06 GMT
1 < Content-Type: text/plain;charset=UTF-8
1 < Content-Length: 28
1 < Connection: keep-alive
1 < Vary: Origin
1 < Vary: Access-Control-Request-Method
1 < Vary: Access-Control-Request-Headers
1 < X-Content-Type-Options: nosniff
1 < X-XSS-Protection: 1; mode=block
1 < Cache-Control: no-cache, no-store, max-age=0, must-revalidate
1 < Pragma: no-cache
1 < Expires: 0
1 < Strict-Transport-Security: max-age=31536000 ; includeSubDomains
1 < X-Frame-Options: DENY
1 < Content-Security-Policy: default-src 'self';base-uri 'self';font-src 'self' https: data:;form-action 'self';frame-ancestors 'self';img-src 'self' data:;object-src 'none';script-src 'self';script-src-attr 'none';style-src 'self' https: 'unsafe-inline';upgrade-insecure-requests
User registered successfully

19:29:06.591 [main] ERROR com.intuit.karate - classpath:udea/register/register.feature:242
Then status 400
status code was: 201, expected: 400, response time in milliseconds: 200, url: https://codefact.udea.edu.co/modulo-01/public/api/auth/register, response: 
User registered successfully
classpath:udea/register/register.feature:242
19:29:06.596 [main] INFO  com.intuit.karate - karate.env system property was: null 
19:29:06.598 [main] DEBUG com.intuit.karate - request:
1 > POST https://codefact.udea.edu.co/modulo-01/public/api/auth/register
1 > Content-Type: application/json; charset=UTF-8
1 > Content-Length: 302
1 > Host: codefact.udea.edu.co
1 > Connection: Keep-Alive
1 > User-Agent: Apache-HttpClient/4.5.14 (Java/21.0.3)
1 > Accept-Encoding: gzip,deflate
{"cc":"1111111111","idType":"pasaporte","firstname":"Esteban","lastname":"Salas","password":"Aj_H|u4{p85v\/!{3+kp","mail":"esteban.salas","country":"USA","province":"California","city":"San Francisco","residence":"123 Main St, Apt 4B","phone":"123-456-7890","role":"ROLE_USER","birthdate":"1985-10-15"}

19:29:06.706 [main] DEBUG com.intuit.karate - response time in milliseconds: 107
1 < 400
1 < Server: nginx/1.14.1
1 < Date: Wed, 29 May 2024 00:29:06 GMT
1 < Content-Type: application/json
1 < Transfer-Encoding: chunked
1 < Connection: keep-alive
1 < Vary: Origin
1 < Vary: Access-Control-Request-Method
1 < Vary: Access-Control-Request-Headers
1 < X-Content-Type-Options: nosniff
1 < X-XSS-Protection: 1; mode=block
1 < Cache-Control: no-cache, no-store, max-age=0, must-revalidate
1 < Pragma: no-cache
1 < Expires: 0
1 < Strict-Transport-Security: max-age=31536000 ; includeSubDomains
1 < X-Frame-Options: DENY
1 < Content-Security-Policy: default-src 'self';base-uri 'self';font-src 'self' https: data:;form-action 'self';frame-ancestors 'self';img-src 'self' data:;object-src 'none';script-src 'self';script-src-attr 'none';style-src 'self' https: 'unsafe-inline';upgrade-insecure-requests
[{"codes":["Email.personRegistrationDTO.mail","Email.mail","Email.java.lang.String","Email"],"arguments":[{"codes":["personRegistrationDTO.mail","mail"],"arguments":null,"defaultMessage":"mail","code":"mail"},[],{"codes":[".*"],"defaultMessage":".*","arguments":null}],"defaultMessage":"Email should be valid","objectName":"personRegistrationDTO","field":"mail","rejectedValue":"esteban.salas","bindingFailure":false,"code":"Email"}]

19:29:06.713 [main] INFO  com.intuit.karate - karate.env system property was: null 
19:29:06.717 [main] DEBUG com.intuit.karate - request:
1 > POST https://codefact.udea.edu.co/modulo-01/public/api/auth/register
1 > Content-Type: application/json; charset=UTF-8
1 > Content-Length: 314
1 > Host: codefact.udea.edu.co
1 > Connection: Keep-Alive
1 > User-Agent: Apache-HttpClient/4.5.14 (Java/21.0.3)
1 > Accept-Encoding: gzip,deflate
{"cc":"1111111111","idType":"pasaporte","firstname":"Esteban","lastname":"Salas","password":"Aj_H|u4{p85v\/!{3+kp","mail":"esteban.salas@example.com","country":"USA","province":"California","city":"San Francisco","residence":"123 Main St, Apt 4B","phone":"123-456-7890","role":"ROLE_USER","birthdate":"1985-10-15"}

19:29:06.826 [main] DEBUG com.intuit.karate - response time in milliseconds: 109
1 < 400
1 < Server: nginx/1.14.1
1 < Date: Wed, 29 May 2024 00:29:06 GMT
1 < Content-Type: text/plain;charset=UTF-8
1 < Content-Length: 79
1 < Connection: keep-alive
1 < Vary: Origin
1 < Vary: Access-Control-Request-Method
1 < Vary: Access-Control-Request-Headers
1 < X-Content-Type-Options: nosniff
1 < X-XSS-Protection: 1; mode=block
1 < Cache-Control: no-cache, no-store, max-age=0, must-revalidate
1 < Pragma: no-cache
1 < Expires: 0
1 < Strict-Transport-Security: max-age=31536000 ; includeSubDomains
1 < X-Frame-Options: DENY
1 < Content-Security-Policy: default-src 'self';base-uri 'self';font-src 'self' https: data:;form-action 'self';frame-ancestors 'self';img-src 'self' data:;object-src 'none';script-src 'self';script-src-attr 'none';style-src 'self' https: 'unsafe-inline';upgrade-insecure-requests
Registration failed: Person with email esteban.salas@example.com already exists

19:29:06.828 [main] ERROR com.intuit.karate - classpath:udea/register/register.feature:290
Then match response[*].defaultMessage contains 'Birthdate must not be empty'
js failed:
>>>>
01: response[*].defaultMessage
<<<<
org.graalvm.polyglot.PolyglotException: SyntaxError: Unnamed:1:9 Expected an operand but found *
response[*].defaultMessage
         ^

- org.graalvm.polyglot.Context.eval(Context.java:425)
- com.intuit.karate.graal.JsEngine.evalForValue(JsEngine.java:169)
- com.intuit.karate.graal.JsEngine.eval(JsEngine.java:165)
- com.intuit.karate.core.ScenarioEngine.evalJs(ScenarioEngine.java:1286)
- com.intuit.karate.core.ScenarioEngine.evalKarateExpression(ScenarioEngine.java:2238)
- com.intuit.karate.core.ScenarioEngine.evalKarateExpression(ScenarioEngine.java:2157)
- com.intuit.karate.core.ScenarioEngine.match(ScenarioEngine.java:1825)

classpath:udea/register/register.feature:290
19:29:06.833 [main] INFO  com.intuit.karate - karate.env system property was: null 
19:29:06.836 [main] DEBUG com.intuit.karate - request:
1 > POST https://codefact.udea.edu.co/modulo-01/public/api/auth/register
1 > Content-Type: application/json; charset=UTF-8
1 > Content-Length: 313
1 > Host: codefact.udea.edu.co
1 > Connection: Keep-Alive
1 > User-Agent: Apache-HttpClient/4.5.14 (Java/21.0.3)
1 > Accept-Encoding: gzip,deflate
{"cc":"1111111111","idType":"pasaporte","firstname":"Esteban","lastname":"1234","password":"Aj_H|u4{p85v\/!{3+kp","mail":"esteban.salas@example.com","country":"USA","province":"California","city":"San Francisco","residence":"123 Main St, Apt 4B","phone":"123-456-7890","role":"ROLE_USER","birthdate":"2010-10-15"}

19:29:06.948 [main] DEBUG com.intuit.karate - response time in milliseconds: 111
1 < 400
1 < Server: nginx/1.14.1
1 < Date: Wed, 29 May 2024 00:29:06 GMT
1 < Content-Type: text/plain;charset=UTF-8
1 < Content-Length: 79
1 < Connection: keep-alive
1 < Vary: Origin
1 < Vary: Access-Control-Request-Method
1 < Vary: Access-Control-Request-Headers
1 < X-Content-Type-Options: nosniff
1 < X-XSS-Protection: 1; mode=block
1 < Cache-Control: no-cache, no-store, max-age=0, must-revalidate
1 < Pragma: no-cache
1 < Expires: 0
1 < Strict-Transport-Security: max-age=31536000 ; includeSubDomains
1 < X-Frame-Options: DENY
1 < Content-Security-Policy: default-src 'self';base-uri 'self';font-src 'self' https: data:;form-action 'self';frame-ancestors 'self';img-src 'self' data:;object-src 'none';script-src 'self';script-src-attr 'none';style-src 'self' https: 'unsafe-inline';upgrade-insecure-requests
Registration failed: Person with email esteban.salas@example.com already exists

19:29:06.950 [main] ERROR com.intuit.karate - classpath:udea/register/register.feature:314
Then match response[*].defaultMessage contains 'Birthdate must be at least 18 years old'
js failed:
>>>>
01: response[*].defaultMessage
<<<<
org.graalvm.polyglot.PolyglotException: SyntaxError: Unnamed:1:9 Expected an operand but found *
response[*].defaultMessage
         ^

- org.graalvm.polyglot.Context.eval(Context.java:425)
- com.intuit.karate.graal.JsEngine.evalForValue(JsEngine.java:169)
- com.intuit.karate.graal.JsEngine.eval(JsEngine.java:165)
- com.intuit.karate.core.ScenarioEngine.evalJs(ScenarioEngine.java:1286)
- com.intuit.karate.core.ScenarioEngine.evalKarateExpression(ScenarioEngine.java:2238)
- com.intuit.karate.core.ScenarioEngine.evalKarateExpression(ScenarioEngine.java:2157)
- com.intuit.karate.core.ScenarioEngine.match(ScenarioEngine.java:1825)

classpath:udea/register/register.feature:314
19:29:06.956 [main] INFO  com.intuit.karate - karate.env system property was: null 
19:29:06.958 [main] DEBUG com.intuit.karate - request:
1 > POST https://codefact.udea.edu.co/modulo-01/public/api/auth/register
1 > Content-Type: application/json; charset=UTF-8
1 > Content-Length: 313
1 > Host: codefact.udea.edu.co
1 > Connection: Keep-Alive
1 > User-Agent: Apache-HttpClient/4.5.14 (Java/21.0.3)
1 > Accept-Encoding: gzip,deflate
{"cc":"1111111111","idType":"pasaporte","firstname":"Esteban","lastname":"1234","password":"Aj_H|u4{p85v\/!{3+kp","mail":"esteban.salas@example.com","country":"USA","province":"California","city":"San Francisco","residence":"123 Main St, Apt 4B","phone":"123-456-7890","role":"ROLE_USER","birthdate":"2030-10-15"}

19:29:07.068 [main] DEBUG com.intuit.karate - response time in milliseconds: 110
1 < 400
1 < Server: nginx/1.14.1
1 < Date: Wed, 29 May 2024 00:29:06 GMT
1 < Content-Type: text/plain;charset=UTF-8
1 < Content-Length: 79
1 < Connection: keep-alive
1 < Vary: Origin
1 < Vary: Access-Control-Request-Method
1 < Vary: Access-Control-Request-Headers
1 < X-Content-Type-Options: nosniff
1 < X-XSS-Protection: 1; mode=block
1 < Cache-Control: no-cache, no-store, max-age=0, must-revalidate
1 < Pragma: no-cache
1 < Expires: 0
1 < Strict-Transport-Security: max-age=31536000 ; includeSubDomains
1 < X-Frame-Options: DENY
1 < Content-Security-Policy: default-src 'self';base-uri 'self';font-src 'self' https: data:;form-action 'self';frame-ancestors 'self';img-src 'self' data:;object-src 'none';script-src 'self';script-src-attr 'none';style-src 'self' https: 'unsafe-inline';upgrade-insecure-requests
Registration failed: Person with email esteban.salas@example.com already exists

19:29:07.070 [main] ERROR com.intuit.karate - classpath:udea/register/register.feature:338
Then match response[*].defaultMessage contains 'Birthdate must be at most the current date minus 18 years'
js failed:
>>>>
01: response[*].defaultMessage
<<<<
org.graalvm.polyglot.PolyglotException: SyntaxError: Unnamed:1:9 Expected an operand but found *
response[*].defaultMessage
         ^

- org.graalvm.polyglot.Context.eval(Context.java:425)
- com.intuit.karate.graal.JsEngine.evalForValue(JsEngine.java:169)
- com.intuit.karate.graal.JsEngine.eval(JsEngine.java:165)
- com.intuit.karate.core.ScenarioEngine.evalJs(ScenarioEngine.java:1286)
- com.intuit.karate.core.ScenarioEngine.evalKarateExpression(ScenarioEngine.java:2238)
- com.intuit.karate.core.ScenarioEngine.evalKarateExpression(ScenarioEngine.java:2157)
- com.intuit.karate.core.ScenarioEngine.match(ScenarioEngine.java:1825)

classpath:udea/register/register.feature:338
19:29:07.075 [main] INFO  com.intuit.karate - karate.env system property was: null 
19:29:07.077 [main] DEBUG com.intuit.karate - request:
1 > POST https://codefact.udea.edu.co/modulo-01/public/api/auth/register
1 > Content-Type: application/json; charset=UTF-8
1 > Content-Length: 304
1 > Host: codefact.udea.edu.co
1 > Connection: Keep-Alive
1 > User-Agent: Apache-HttpClient/4.5.14 (Java/21.0.3)
1 > Accept-Encoding: gzip,deflate
{"cc":"1111111111","idType":"pasaporte","firstname":"Esteban","lastname":"Salas","password":"Password1!","mail":"esteban.salas@example.com","country":"USA","province":"California","city":"San Francisco","residence":"123 Main St, Apt 4B","phone":"123-456-7890","role":"ROLE_USER","birthdate":"1985-10-15"}

19:29:07.183 [main] DEBUG com.intuit.karate - response time in milliseconds: 106
1 < 400
1 < Server: nginx/1.14.1
1 < Date: Wed, 29 May 2024 00:29:06 GMT
1 < Content-Type: text/plain;charset=UTF-8
1 < Content-Length: 79
1 < Connection: keep-alive
1 < Vary: Origin
1 < Vary: Access-Control-Request-Method
1 < Vary: Access-Control-Request-Headers
1 < X-Content-Type-Options: nosniff
1 < X-XSS-Protection: 1; mode=block
1 < Cache-Control: no-cache, no-store, max-age=0, must-revalidate
1 < Pragma: no-cache
1 < Expires: 0
1 < Strict-Transport-Security: max-age=31536000 ; includeSubDomains
1 < X-Frame-Options: DENY
1 < Content-Security-Policy: default-src 'self';base-uri 'self';font-src 'self' https: data:;form-action 'self';frame-ancestors 'self';img-src 'self' data:;object-src 'none';script-src 'self';script-src-attr 'none';style-src 'self' https: 'unsafe-inline';upgrade-insecure-requests
Registration failed: Person with email esteban.salas@example.com already exists

19:29:07.796 [main] DEBUG com.intuit.karate.Suite - [config] classpath:karate-config.js
19:29:07.801 [main] INFO  com.intuit.karate - karate.env system property was: null 
19:29:07.803 [main] DEBUG com.intuit.karate - request:
1 > POST https://codefact.udea.edu.co/modulo-01/public/api/auth/login
1 > Content-Type: application/json; charset=UTF-8
1 > Content-Length: 69
1 > Host: codefact.udea.edu.co
1 > Connection: Keep-Alive
1 > User-Agent: Apache-HttpClient/4.5.14 (Java/21.0.3)
1 > Accept-Encoding: gzip,deflate
{"username":"john.doe@example.com","password":"Aj_H|u4{p85v\/!{3+kp"}

19:29:08.011 [main] DEBUG com.intuit.karate - response time in milliseconds: 206
1 < 200
1 < Server: nginx/1.14.1
1 < Date: Wed, 29 May 2024 00:29:07 GMT
1 < Content-Type: application/json
1 < Transfer-Encoding: chunked
1 < Connection: keep-alive
1 < Vary: Origin
1 < Vary: Access-Control-Request-Method
1 < Vary: Access-Control-Request-Headers
1 < X-Content-Type-Options: nosniff
1 < X-XSS-Protection: 1; mode=block
1 < Cache-Control: no-cache, no-store, max-age=0, must-revalidate
1 < Pragma: no-cache
1 < Expires: 0
1 < Strict-Transport-Security: max-age=31536000 ; includeSubDomains
1 < X-Frame-Options: DENY
1 < Content-Security-Policy: default-src 'self';base-uri 'self';font-src 'self' https: data:;form-action 'self';frame-ancestors 'self';img-src 'self' data:;object-src 'none';script-src 'self';script-src-attr 'none';style-src 'self' https: 'unsafe-inline';upgrade-insecure-requests
{"token":"eyJhbGciOiJIUzI1NiJ9.eyJzdWIiOiJqb2huLmRvZUBleGFtcGxlLmNvbSIsImlzcyI6IlNpdGFzIiwiaWF0IjoxNzE2OTQyNTQ3LCJleHAiOjE3MTY5NDM0NDd9.p5ZoOoYG2w3qu8z397nIwpJ0aulZ7Ug-GsaZCm9RSOI"}

19:29:08.017 [main] INFO  com.intuit.karate - karate.env system property was: null 
19:29:08.019 [main] DEBUG com.intuit.karate - request:
1 > POST https://codefact.udea.edu.co/modulo-01/public/api/auth/login
1 > Content-Type: application/json; charset=UTF-8
1 > Content-Length: 57
1 > Host: codefact.udea.edu.co
1 > Connection: Keep-Alive
1 > User-Agent: Apache-HttpClient/4.5.14 (Java/21.0.3)
1 > Accept-Encoding: gzip,deflate
{"username":"john.doe@example.com","password":"password"}

19:29:08.224 [main] DEBUG com.intuit.karate - response time in milliseconds: 205
1 < 401
1 < Server: nginx/1.14.1
1 < Date: Wed, 29 May 2024 00:29:07 GMT
1 < Content-Type: text/plain;charset=UTF-8
1 < Content-Length: 29
1 < Connection: keep-alive
1 < Vary: Origin
1 < Vary: Access-Control-Request-Method
1 < Vary: Access-Control-Request-Headers
1 < X-Content-Type-Options: nosniff
1 < X-XSS-Protection: 1; mode=block
1 < Cache-Control: no-cache, no-store, max-age=0, must-revalidate
1 < Pragma: no-cache
1 < Expires: 0
1 < Strict-Transport-Security: max-age=31536000 ; includeSubDomains
1 < X-Frame-Options: DENY
1 < Content-Security-Policy: default-src 'self';base-uri 'self';font-src 'self' https: data:;form-action 'self';frame-ancestors 'self';img-src 'self' data:;object-src 'none';script-src 'self';script-src-attr 'none';style-src 'self' https: 'unsafe-inline';upgrade-insecure-requests
Login failed: Bad credentials

19:29:08.264 [main] INFO  com.intuit.karate - karate.env system property was: null 
19:29:08.265 [main] DEBUG com.intuit.karate - request:
1 > POST https://codefact.udea.edu.co/modulo-01/public/api/auth/register
1 > Content-Type: application/json; charset=UTF-8
1 > Content-Length: 304
1 > Host: codefact.udea.edu.co
1 > Connection: Keep-Alive
1 > User-Agent: Apache-HttpClient/4.5.14 (Java/21.0.3)
1 > Accept-Encoding: gzip,deflate
{"cc":"","idType":"pasaporte","firstname":"Esteban","lastname":"Salas","password":"Aj_H|u4{p85v\/!{3+kp","mail":"esteban.salas@example.com","country":"USA","province":"California","city":"San Francisco","residence":"123 Main St, Apt 4B","phone":"123-456-7890","role":"ROLE_USER","birthdate":"1985-10-15"}

19:29:08.375 [main] DEBUG com.intuit.karate - response time in milliseconds: 110
1 < 400
1 < Server: nginx/1.14.1
1 < Date: Wed, 29 May 2024 00:29:08 GMT
1 < Content-Type: application/json
1 < Transfer-Encoding: chunked
1 < Connection: keep-alive
1 < Vary: Origin
1 < Vary: Access-Control-Request-Method
1 < Vary: Access-Control-Request-Headers
1 < X-Content-Type-Options: nosniff
1 < X-XSS-Protection: 1; mode=block
1 < Cache-Control: no-cache, no-store, max-age=0, must-revalidate
1 < Pragma: no-cache
1 < Expires: 0
1 < Strict-Transport-Security: max-age=31536000 ; includeSubDomains
1 < X-Frame-Options: DENY
1 < Content-Security-Policy: default-src 'self';base-uri 'self';font-src 'self' https: data:;form-action 'self';frame-ancestors 'self';img-src 'self' data:;object-src 'none';script-src 'self';script-src-attr 'none';style-src 'self' https: 'unsafe-inline';upgrade-insecure-requests
[{"codes":["Pattern.personRegistrationDTO.cc","Pattern.cc","Pattern.java.lang.String","Pattern"],"arguments":[{"codes":["personRegistrationDTO.cc","cc"],"arguments":null,"defaultMessage":"cc","code":"cc"},[],{"codes":["^[0-9]{10}$"],"defaultMessage":"^[0-9]{10}$","arguments":null}],"defaultMessage":"CC must be 10 digits","objectName":"personRegistrationDTO","field":"cc","rejectedValue":"","bindingFailure":false,"code":"Pattern"},{"codes":["NotBlank.personRegistrationDTO.cc","NotBlank.cc","NotBlank.java.lang.String","NotBlank"],"arguments":[{"codes":["personRegistrationDTO.cc","cc"],"arguments":null,"defaultMessage":"cc","code":"cc"}],"defaultMessage":"CC (Cédula) is required","objectName":"personRegistrationDTO","field":"cc","rejectedValue":"","bindingFailure":false,"code":"NotBlank"}]

19:29:08.380 [main] INFO  com.intuit.karate - karate.env system property was: null 
19:29:08.383 [main] DEBUG com.intuit.karate - request:
1 > POST https://codefact.udea.edu.co/modulo-01/public/api/auth/register
1 > Content-Type: application/json; charset=UTF-8
1 > Content-Length: 308
1 > Host: codefact.udea.edu.co
1 > Connection: Keep-Alive
1 > User-Agent: Apache-HttpClient/4.5.14 (Java/21.0.3)
1 > Accept-Encoding: gzip,deflate
{"cc":"1111","idType":"pasaporte","firstname":"Esteban","lastname":"Salas","password":"Aj_H|u4{p85v\/!{3+kp","mail":"esteban.salas@example.com","country":"USA","province":"California","city":"San Francisco","residence":"123 Main St, Apt 4B","phone":"123-456-7890","role":"ROLE_USER","birthdate":"1985-10-15"}

19:29:08.492 [main] DEBUG com.intuit.karate - response time in milliseconds: 108
1 < 400
1 < Server: nginx/1.14.1
1 < Date: Wed, 29 May 2024 00:29:08 GMT
1 < Content-Type: application/json
1 < Transfer-Encoding: chunked
1 < Connection: keep-alive
1 < Vary: Origin
1 < Vary: Access-Control-Request-Method
1 < Vary: Access-Control-Request-Headers
1 < X-Content-Type-Options: nosniff
1 < X-XSS-Protection: 1; mode=block
1 < Cache-Control: no-cache, no-store, max-age=0, must-revalidate
1 < Pragma: no-cache
1 < Expires: 0
1 < Strict-Transport-Security: max-age=31536000 ; includeSubDomains
1 < X-Frame-Options: DENY
1 < Content-Security-Policy: default-src 'self';base-uri 'self';font-src 'self' https: data:;form-action 'self';frame-ancestors 'self';img-src 'self' data:;object-src 'none';script-src 'self';script-src-attr 'none';style-src 'self' https: 'unsafe-inline';upgrade-insecure-requests
[{"codes":["Pattern.personRegistrationDTO.cc","Pattern.cc","Pattern.java.lang.String","Pattern"],"arguments":[{"codes":["personRegistrationDTO.cc","cc"],"arguments":null,"defaultMessage":"cc","code":"cc"},[],{"codes":["^[0-9]{10}$"],"defaultMessage":"^[0-9]{10}$","arguments":null}],"defaultMessage":"CC must be 10 digits","objectName":"personRegistrationDTO","field":"cc","rejectedValue":"1111","bindingFailure":false,"code":"Pattern"}]

19:29:08.499 [main] INFO  com.intuit.karate - karate.env system property was: null 
19:29:08.502 [main] DEBUG com.intuit.karate - request:
1 > POST https://codefact.udea.edu.co/modulo-01/public/api/auth/register
1 > Content-Type: application/json; charset=UTF-8
1 > Content-Length: 315
1 > Host: codefact.udea.edu.co
1 > Connection: Keep-Alive
1 > User-Agent: Apache-HttpClient/4.5.14 (Java/21.0.3)
1 > Accept-Encoding: gzip,deflate
{"cc":"11111111111","idType":"pasaporte","firstname":"Esteban","lastname":"Salas","password":"Aj_H|u4{p85v\/!{3+kp","mail":"esteban.salas@example.com","country":"USA","province":"California","city":"San Francisco","residence":"123 Main St, Apt 4B","phone":"123-456-7890","role":"ROLE_USER","birthdate":"1985-10-15"}

19:29:08.610 [main] DEBUG com.intuit.karate - response time in milliseconds: 107
1 < 400
1 < Server: nginx/1.14.1
1 < Date: Wed, 29 May 2024 00:29:08 GMT
1 < Content-Type: application/json
1 < Transfer-Encoding: chunked
1 < Connection: keep-alive
1 < Vary: Origin
1 < Vary: Access-Control-Request-Method
1 < Vary: Access-Control-Request-Headers
1 < X-Content-Type-Options: nosniff
1 < X-XSS-Protection: 1; mode=block
1 < Cache-Control: no-cache, no-store, max-age=0, must-revalidate
1 < Pragma: no-cache
1 < Expires: 0
1 < Strict-Transport-Security: max-age=31536000 ; includeSubDomains
1 < X-Frame-Options: DENY
1 < Content-Security-Policy: default-src 'self';base-uri 'self';font-src 'self' https: data:;form-action 'self';frame-ancestors 'self';img-src 'self' data:;object-src 'none';script-src 'self';script-src-attr 'none';style-src 'self' https: 'unsafe-inline';upgrade-insecure-requests
[{"codes":["Pattern.personRegistrationDTO.cc","Pattern.cc","Pattern.java.lang.String","Pattern"],"arguments":[{"codes":["personRegistrationDTO.cc","cc"],"arguments":null,"defaultMessage":"cc","code":"cc"},[],{"codes":["^[0-9]{10}$"],"defaultMessage":"^[0-9]{10}$","arguments":null}],"defaultMessage":"CC must be 10 digits","objectName":"personRegistrationDTO","field":"cc","rejectedValue":"11111111111","bindingFailure":false,"code":"Pattern"}]

19:29:08.614 [main] INFO  com.intuit.karate - karate.env system property was: null 
19:29:08.616 [main] DEBUG com.intuit.karate - request:
1 > POST https://codefact.udea.edu.co/modulo-01/public/api/auth/register
1 > Content-Type: application/json; charset=UTF-8
1 > Content-Length: 305
1 > Host: codefact.udea.edu.co
1 > Connection: Keep-Alive
1 > User-Agent: Apache-HttpClient/4.5.14 (Java/21.0.3)
1 > Accept-Encoding: gzip,deflate
{"cc":"1111111111","idType":"","firstname":"Esteban","lastname":"Salas","password":"Aj_H|u4{p85v\/!{3+kp","mail":"esteban.salas@example.com","country":"USA","province":"California","city":"San Francisco","residence":"123 Main St, Apt 4B","phone":"123-456-7890","role":"ROLE_USER","birthdate":"1985-10-15"}

19:29:08.722 [main] DEBUG com.intuit.karate - response time in milliseconds: 105
1 < 400
1 < Server: nginx/1.14.1
1 < Date: Wed, 29 May 2024 00:29:08 GMT
1 < Content-Type: application/json
1 < Transfer-Encoding: chunked
1 < Connection: keep-alive
1 < Vary: Origin
1 < Vary: Access-Control-Request-Method
1 < Vary: Access-Control-Request-Headers
1 < X-Content-Type-Options: nosniff
1 < X-XSS-Protection: 1; mode=block
1 < Cache-Control: no-cache, no-store, max-age=0, must-revalidate
1 < Pragma: no-cache
1 < Expires: 0
1 < Strict-Transport-Security: max-age=31536000 ; includeSubDomains
1 < X-Frame-Options: DENY
1 < Content-Security-Policy: default-src 'self';base-uri 'self';font-src 'self' https: data:;form-action 'self';frame-ancestors 'self';img-src 'self' data:;object-src 'none';script-src 'self';script-src-attr 'none';style-src 'self' https: 'unsafe-inline';upgrade-insecure-requests
[{"codes":["NotBlank.personRegistrationDTO.idType","NotBlank.idType","NotBlank.java.lang.String","NotBlank"],"arguments":[{"codes":["personRegistrationDTO.idType","idType"],"arguments":null,"defaultMessage":"idType","code":"idType"}],"defaultMessage":"ID type is required","objectName":"personRegistrationDTO","field":"idType","rejectedValue":"","bindingFailure":false,"code":"NotBlank"}]

19:29:08.725 [main] INFO  com.intuit.karate - karate.env system property was: null 
19:29:08.727 [main] DEBUG com.intuit.karate - request:
1 > POST https://codefact.udea.edu.co/modulo-01/public/api/auth/register
1 > Content-Type: application/json; charset=UTF-8
1 > Content-Length: 309
1 > Host: codefact.udea.edu.co
1 > Connection: Keep-Alive
1 > User-Agent: Apache-HttpClient/4.5.14 (Java/21.0.3)
1 > Accept-Encoding: gzip,deflate
{"cc":"1111111111","idType":"hola","firstname":"Esteban","lastname":"Salas","password":"Aj_H|u4{p85v\/!{3+kp","mail":"esteban.salas@example.com","country":"USA","province":"California","city":"San Francisco","residence":"123 Main St, Apt 4B","phone":"123-456-7890","role":"ROLE_USER","birthdate":"1985-10-15"}

19:29:08.836 [main] DEBUG com.intuit.karate - response time in milliseconds: 109
1 < 400
1 < Server: nginx/1.14.1
1 < Date: Wed, 29 May 2024 00:29:08 GMT
1 < Content-Type: text/plain;charset=UTF-8
1 < Content-Length: 79
1 < Connection: keep-alive
1 < Vary: Origin
1 < Vary: Access-Control-Request-Method
1 < Vary: Access-Control-Request-Headers
1 < X-Content-Type-Options: nosniff
1 < X-XSS-Protection: 1; mode=block
1 < Cache-Control: no-cache, no-store, max-age=0, must-revalidate
1 < Pragma: no-cache
1 < Expires: 0
1 < Strict-Transport-Security: max-age=31536000 ; includeSubDomains
1 < X-Frame-Options: DENY
1 < Content-Security-Policy: default-src 'self';base-uri 'self';font-src 'self' https: data:;form-action 'self';frame-ancestors 'self';img-src 'self' data:;object-src 'none';script-src 'self';script-src-attr 'none';style-src 'self' https: 'unsafe-inline';upgrade-insecure-requests
Registration failed: Person with email esteban.salas@example.com already exists

19:29:08.838 [main] ERROR com.intuit.karate - classpath:udea/register/register.feature:123
Then match response[*].defaultMessage contains 'ID type must be cedula or pasaporte'
js failed:
>>>>
01: response[*].defaultMessage
<<<<
org.graalvm.polyglot.PolyglotException: SyntaxError: Unnamed:1:9 Expected an operand but found *
response[*].defaultMessage
         ^

- org.graalvm.polyglot.Context.eval(Context.java:425)
- com.intuit.karate.graal.JsEngine.evalForValue(JsEngine.java:169)
- com.intuit.karate.graal.JsEngine.eval(JsEngine.java:165)
- com.intuit.karate.core.ScenarioEngine.evalJs(ScenarioEngine.java:1286)
- com.intuit.karate.core.ScenarioEngine.evalKarateExpression(ScenarioEngine.java:2238)
- com.intuit.karate.core.ScenarioEngine.evalKarateExpression(ScenarioEngine.java:2157)
- com.intuit.karate.core.ScenarioEngine.match(ScenarioEngine.java:1825)

classpath:udea/register/register.feature:123
19:29:08.843 [main] INFO  com.intuit.karate - karate.env system property was: null 
19:29:08.848 [main] DEBUG com.intuit.karate - request:
1 > POST https://codefact.udea.edu.co/modulo-01/public/api/auth/register
1 > Content-Type: application/json; charset=UTF-8
1 > Content-Length: 307
1 > Host: codefact.udea.edu.co
1 > Connection: Keep-Alive
1 > User-Agent: Apache-HttpClient/4.5.14 (Java/21.0.3)
1 > Accept-Encoding: gzip,deflate
{"cc":"1111111111","idType":"pasaporte","firstname":"","lastname":"Salas","password":"Aj_H|u4{p85v\/!{3+kp","mail":"esteban.salas@example.com","country":"USA","province":"California","city":"San Francisco","residence":"123 Main St, Apt 4B","phone":"123-456-7890","role":"ROLE_USER","birthdate":"1985-10-15"}

19:29:08.955 [main] DEBUG com.intuit.karate - response time in milliseconds: 106
1 < 400
1 < Server: nginx/1.14.1
1 < Date: Wed, 29 May 2024 00:29:08 GMT
1 < Content-Type: application/json
1 < Transfer-Encoding: chunked
1 < Connection: keep-alive
1 < Vary: Origin
1 < Vary: Access-Control-Request-Method
1 < Vary: Access-Control-Request-Headers
1 < X-Content-Type-Options: nosniff
1 < X-XSS-Protection: 1; mode=block
1 < Cache-Control: no-cache, no-store, max-age=0, must-revalidate
1 < Pragma: no-cache
1 < Expires: 0
1 < Strict-Transport-Security: max-age=31536000 ; includeSubDomains
1 < X-Frame-Options: DENY
1 < Content-Security-Policy: default-src 'self';base-uri 'self';font-src 'self' https: data:;form-action 'self';frame-ancestors 'self';img-src 'self' data:;object-src 'none';script-src 'self';script-src-attr 'none';style-src 'self' https: 'unsafe-inline';upgrade-insecure-requests
[{"codes":["NotBlank.personRegistrationDTO.firstname","NotBlank.firstname","NotBlank.java.lang.String","NotBlank"],"arguments":[{"codes":["personRegistrationDTO.firstname","firstname"],"arguments":null,"defaultMessage":"firstname","code":"firstname"}],"defaultMessage":"First name is required","objectName":"personRegistrationDTO","field":"firstname","rejectedValue":"","bindingFailure":false,"code":"NotBlank"}]

19:29:08.959 [main] INFO  com.intuit.karate - karate.env system property was: null 
19:29:08.961 [main] DEBUG com.intuit.karate - request:
1 > POST https://codefact.udea.edu.co/modulo-01/public/api/auth/register
1 > Content-Type: application/json; charset=UTF-8
1 > Content-Length: 311
1 > Host: codefact.udea.edu.co
1 > Connection: Keep-Alive
1 > User-Agent: Apache-HttpClient/4.5.14 (Java/21.0.3)
1 > Accept-Encoding: gzip,deflate
{"cc":"1111111111","idType":"pasaporte","firstname":"1234","lastname":"Salas","password":"Aj_H|u4{p85v\/!{3+kp","mail":"esteban.salas@example.com","country":"USA","province":"California","city":"San Francisco","residence":"123 Main St, Apt 4B","phone":"123-456-7890","role":"ROLE_USER","birthdate":"1985-10-15"}

19:29:09.069 [main] DEBUG com.intuit.karate - response time in milliseconds: 107
1 < 400
1 < Server: nginx/1.14.1
1 < Date: Wed, 29 May 2024 00:29:08 GMT
1 < Content-Type: text/plain;charset=UTF-8
1 < Content-Length: 79
1 < Connection: keep-alive
1 < Vary: Origin
1 < Vary: Access-Control-Request-Method
1 < Vary: Access-Control-Request-Headers
1 < X-Content-Type-Options: nosniff
1 < X-XSS-Protection: 1; mode=block
1 < Cache-Control: no-cache, no-store, max-age=0, must-revalidate
1 < Pragma: no-cache
1 < Expires: 0
1 < Strict-Transport-Security: max-age=31536000 ; includeSubDomains
1 < X-Frame-Options: DENY
1 < Content-Security-Policy: default-src 'self';base-uri 'self';font-src 'self' https: data:;form-action 'self';frame-ancestors 'self';img-src 'self' data:;object-src 'none';script-src 'self';script-src-attr 'none';style-src 'self' https: 'unsafe-inline';upgrade-insecure-requests
Registration failed: Person with email esteban.salas@example.com already exists

19:29:09.070 [main] ERROR com.intuit.karate - classpath:udea/register/register.feature:171
Then match response[*].defaultMessage contains 'First name must contain only letters'
js failed:
>>>>
01: response[*].defaultMessage
<<<<
org.graalvm.polyglot.PolyglotException: SyntaxError: Unnamed:1:9 Expected an operand but found *
response[*].defaultMessage
         ^

- org.graalvm.polyglot.Context.eval(Context.java:425)
- com.intuit.karate.graal.JsEngine.evalForValue(JsEngine.java:169)
- com.intuit.karate.graal.JsEngine.eval(JsEngine.java:165)
- com.intuit.karate.core.ScenarioEngine.evalJs(ScenarioEngine.java:1286)
- com.intuit.karate.core.ScenarioEngine.evalKarateExpression(ScenarioEngine.java:2238)
- com.intuit.karate.core.ScenarioEngine.evalKarateExpression(ScenarioEngine.java:2157)
- com.intuit.karate.core.ScenarioEngine.match(ScenarioEngine.java:1825)

classpath:udea/register/register.feature:171
19:29:09.077 [main] INFO  com.intuit.karate - karate.env system property was: null 
19:29:09.080 [main] DEBUG com.intuit.karate - request:
1 > POST https://codefact.udea.edu.co/modulo-01/public/api/auth/register
1 > Content-Type: application/json; charset=UTF-8
1 > Content-Length: 309
1 > Host: codefact.udea.edu.co
1 > Connection: Keep-Alive
1 > User-Agent: Apache-HttpClient/4.5.14 (Java/21.0.3)
1 > Accept-Encoding: gzip,deflate
{"cc":"1111111111","idType":"pasaporte","firstname":"Esteban","lastname":"","password":"Aj_H|u4{p85v\/!{3+kp","mail":"esteban.salas@example.com","country":"USA","province":"California","city":"San Francisco","residence":"123 Main St, Apt 4B","phone":"123-456-7890","role":"ROLE_USER","birthdate":"1985-10-15"}

19:29:09.187 [main] DEBUG com.intuit.karate - response time in milliseconds: 106
1 < 400
1 < Server: nginx/1.14.1
1 < Date: Wed, 29 May 2024 00:29:08 GMT
1 < Content-Type: application/json
1 < Transfer-Encoding: chunked
1 < Connection: keep-alive
1 < Vary: Origin
1 < Vary: Access-Control-Request-Method
1 < Vary: Access-Control-Request-Headers
1 < X-Content-Type-Options: nosniff
1 < X-XSS-Protection: 1; mode=block
1 < Cache-Control: no-cache, no-store, max-age=0, must-revalidate
1 < Pragma: no-cache
1 < Expires: 0
1 < Strict-Transport-Security: max-age=31536000 ; includeSubDomains
1 < X-Frame-Options: DENY
1 < Content-Security-Policy: default-src 'self';base-uri 'self';font-src 'self' https: data:;form-action 'self';frame-ancestors 'self';img-src 'self' data:;object-src 'none';script-src 'self';script-src-attr 'none';style-src 'self' https: 'unsafe-inline';upgrade-insecure-requests
[{"codes":["NotBlank.personRegistrationDTO.lastname","NotBlank.lastname","NotBlank.java.lang.String","NotBlank"],"arguments":[{"codes":["personRegistrationDTO.lastname","lastname"],"arguments":null,"defaultMessage":"lastname","code":"lastname"}],"defaultMessage":"Last name is required","objectName":"personRegistrationDTO","field":"lastname","rejectedValue":"","bindingFailure":false,"code":"NotBlank"}]

19:29:09.192 [main] INFO  com.intuit.karate - karate.env system property was: null 
19:29:09.194 [main] DEBUG com.intuit.karate - request:
1 > POST https://codefact.udea.edu.co/modulo-01/public/api/auth/register
1 > Content-Type: application/json; charset=UTF-8
1 > Content-Length: 313
1 > Host: codefact.udea.edu.co
1 > Connection: Keep-Alive
1 > User-Agent: Apache-HttpClient/4.5.14 (Java/21.0.3)
1 > Accept-Encoding: gzip,deflate
{"cc":"1111111111","idType":"pasaporte","firstname":"Esteban","lastname":"1234","password":"Aj_H|u4{p85v\/!{3+kp","mail":"esteban.salas@example.com","country":"USA","province":"California","city":"San Francisco","residence":"123 Main St, Apt 4B","phone":"123-456-7890","role":"ROLE_USER","birthdate":"1985-10-15"}

19:29:09.303 [main] DEBUG com.intuit.karate - response time in milliseconds: 108
1 < 400
1 < Server: nginx/1.14.1
1 < Date: Wed, 29 May 2024 00:29:08 GMT
1 < Content-Type: text/plain;charset=UTF-8
1 < Content-Length: 79
1 < Connection: keep-alive
1 < Vary: Origin
1 < Vary: Access-Control-Request-Method
1 < Vary: Access-Control-Request-Headers
1 < X-Content-Type-Options: nosniff
1 < X-XSS-Protection: 1; mode=block
1 < Cache-Control: no-cache, no-store, max-age=0, must-revalidate
1 < Pragma: no-cache
1 < Expires: 0
1 < Strict-Transport-Security: max-age=31536000 ; includeSubDomains
1 < X-Frame-Options: DENY
1 < Content-Security-Policy: default-src 'self';base-uri 'self';font-src 'self' https: data:;form-action 'self';frame-ancestors 'self';img-src 'self' data:;object-src 'none';script-src 'self';script-src-attr 'none';style-src 'self' https: 'unsafe-inline';upgrade-insecure-requests
Registration failed: Person with email esteban.salas@example.com already exists

19:29:09.305 [main] ERROR com.intuit.karate - classpath:udea/register/register.feature:219
Then match response[*].defaultMessage contains 'Last name must contain only letters'
js failed:
>>>>
01: response[*].defaultMessage
<<<<
org.graalvm.polyglot.PolyglotException: SyntaxError: Unnamed:1:9 Expected an operand but found *
response[*].defaultMessage
         ^

- org.graalvm.polyglot.Context.eval(Context.java:425)
- com.intuit.karate.graal.JsEngine.evalForValue(JsEngine.java:169)
- com.intuit.karate.graal.JsEngine.eval(JsEngine.java:165)
- com.intuit.karate.core.ScenarioEngine.evalJs(ScenarioEngine.java:1286)
- com.intuit.karate.core.ScenarioEngine.evalKarateExpression(ScenarioEngine.java:2238)
- com.intuit.karate.core.ScenarioEngine.evalKarateExpression(ScenarioEngine.java:2157)
- com.intuit.karate.core.ScenarioEngine.match(ScenarioEngine.java:1825)

classpath:udea/register/register.feature:219
19:29:09.309 [main] INFO  com.intuit.karate - karate.env system property was: null 
19:29:09.311 [main] DEBUG com.intuit.karate - request:
1 > POST https://codefact.udea.edu.co/modulo-01/public/api/auth/register
1 > Content-Type: application/json; charset=UTF-8
1 > Content-Length: 289
1 > Host: codefact.udea.edu.co
1 > Connection: Keep-Alive
1 > User-Agent: Apache-HttpClient/4.5.14 (Java/21.0.3)
1 > Accept-Encoding: gzip,deflate
{"cc":"1111111111","idType":"pasaporte","firstname":"Esteban","lastname":"Salas","password":"Aj_H|u4{p85v\/!{3+kp","mail":"","country":"USA","province":"California","city":"San Francisco","residence":"123 Main St, Apt 4B","phone":"123-456-7890","role":"ROLE_USER","birthdate":"1985-10-15"}

19:29:09.514 [main] DEBUG com.intuit.karate - response time in milliseconds: 201
1 < 201
1 < Server: nginx/1.14.1
1 < Date: Wed, 29 May 2024 00:29:09 GMT
1 < Content-Type: text/plain;charset=UTF-8
1 < Content-Length: 28
1 < Connection: keep-alive
1 < Vary: Origin
1 < Vary: Access-Control-Request-Method
1 < Vary: Access-Control-Request-Headers
1 < X-Content-Type-Options: nosniff
1 < X-XSS-Protection: 1; mode=block
1 < Cache-Control: no-cache, no-store, max-age=0, must-revalidate
1 < Pragma: no-cache
1 < Expires: 0
1 < Strict-Transport-Security: max-age=31536000 ; includeSubDomains
1 < X-Frame-Options: DENY
1 < Content-Security-Policy: default-src 'self';base-uri 'self';font-src 'self' https: data:;form-action 'self';frame-ancestors 'self';img-src 'self' data:;object-src 'none';script-src 'self';script-src-attr 'none';style-src 'self' https: 'unsafe-inline';upgrade-insecure-requests
User registered successfully

19:29:09.514 [main] ERROR com.intuit.karate - classpath:udea/register/register.feature:242
Then status 400
status code was: 201, expected: 400, response time in milliseconds: 201, url: https://codefact.udea.edu.co/modulo-01/public/api/auth/register, response: 
User registered successfully
classpath:udea/register/register.feature:242
19:29:09.519 [main] INFO  com.intuit.karate - karate.env system property was: null 
19:29:09.520 [main] DEBUG com.intuit.karate - request:
1 > POST https://codefact.udea.edu.co/modulo-01/public/api/auth/register
1 > Content-Type: application/json; charset=UTF-8
1 > Content-Length: 302
1 > Host: codefact.udea.edu.co
1 > Connection: Keep-Alive
1 > User-Agent: Apache-HttpClient/4.5.14 (Java/21.0.3)
1 > Accept-Encoding: gzip,deflate
{"cc":"1111111111","idType":"pasaporte","firstname":"Esteban","lastname":"Salas","password":"Aj_H|u4{p85v\/!{3+kp","mail":"esteban.salas","country":"USA","province":"California","city":"San Francisco","residence":"123 Main St, Apt 4B","phone":"123-456-7890","role":"ROLE_USER","birthdate":"1985-10-15"}

19:29:09.627 [main] DEBUG com.intuit.karate - response time in milliseconds: 107
1 < 400
1 < Server: nginx/1.14.1
1 < Date: Wed, 29 May 2024 00:29:09 GMT
1 < Content-Type: application/json
1 < Transfer-Encoding: chunked
1 < Connection: keep-alive
1 < Vary: Origin
1 < Vary: Access-Control-Request-Method
1 < Vary: Access-Control-Request-Headers
1 < X-Content-Type-Options: nosniff
1 < X-XSS-Protection: 1; mode=block
1 < Cache-Control: no-cache, no-store, max-age=0, must-revalidate
1 < Pragma: no-cache
1 < Expires: 0
1 < Strict-Transport-Security: max-age=31536000 ; includeSubDomains
1 < X-Frame-Options: DENY
1 < Content-Security-Policy: default-src 'self';base-uri 'self';font-src 'self' https: data:;form-action 'self';frame-ancestors 'self';img-src 'self' data:;object-src 'none';script-src 'self';script-src-attr 'none';style-src 'self' https: 'unsafe-inline';upgrade-insecure-requests
[{"codes":["Email.personRegistrationDTO.mail","Email.mail","Email.java.lang.String","Email"],"arguments":[{"codes":["personRegistrationDTO.mail","mail"],"arguments":null,"defaultMessage":"mail","code":"mail"},[],{"codes":[".*"],"defaultMessage":".*","arguments":null}],"defaultMessage":"Email should be valid","objectName":"personRegistrationDTO","field":"mail","rejectedValue":"esteban.salas","bindingFailure":false,"code":"Email"}]

19:29:09.632 [main] INFO  com.intuit.karate - karate.env system property was: null 
19:29:09.634 [main] DEBUG com.intuit.karate - request:
1 > POST https://codefact.udea.edu.co/modulo-01/public/api/auth/register
1 > Content-Type: application/json; charset=UTF-8
1 > Content-Length: 314
1 > Host: codefact.udea.edu.co
1 > Connection: Keep-Alive
1 > User-Agent: Apache-HttpClient/4.5.14 (Java/21.0.3)
1 > Accept-Encoding: gzip,deflate
{"cc":"1111111111","idType":"pasaporte","firstname":"Esteban","lastname":"Salas","password":"Aj_H|u4{p85v\/!{3+kp","mail":"esteban.salas@example.com","country":"USA","province":"California","city":"San Francisco","residence":"123 Main St, Apt 4B","phone":"123-456-7890","role":"ROLE_USER","birthdate":"1985-10-15"}

19:29:09.740 [main] DEBUG com.intuit.karate - response time in milliseconds: 105
1 < 400
1 < Server: nginx/1.14.1
1 < Date: Wed, 29 May 2024 00:29:09 GMT
1 < Content-Type: text/plain;charset=UTF-8
1 < Content-Length: 79
1 < Connection: keep-alive
1 < Vary: Origin
1 < Vary: Access-Control-Request-Method
1 < Vary: Access-Control-Request-Headers
1 < X-Content-Type-Options: nosniff
1 < X-XSS-Protection: 1; mode=block
1 < Cache-Control: no-cache, no-store, max-age=0, must-revalidate
1 < Pragma: no-cache
1 < Expires: 0
1 < Strict-Transport-Security: max-age=31536000 ; includeSubDomains
1 < X-Frame-Options: DENY
1 < Content-Security-Policy: default-src 'self';base-uri 'self';font-src 'self' https: data:;form-action 'self';frame-ancestors 'self';img-src 'self' data:;object-src 'none';script-src 'self';script-src-attr 'none';style-src 'self' https: 'unsafe-inline';upgrade-insecure-requests
Registration failed: Person with email esteban.salas@example.com already exists

19:29:09.741 [main] ERROR com.intuit.karate - classpath:udea/register/register.feature:290
Then match response[*].defaultMessage contains 'Birthdate must not be empty'
js failed:
>>>>
01: response[*].defaultMessage
<<<<
org.graalvm.polyglot.PolyglotException: SyntaxError: Unnamed:1:9 Expected an operand but found *
response[*].defaultMessage
         ^

- org.graalvm.polyglot.Context.eval(Context.java:425)
- com.intuit.karate.graal.JsEngine.evalForValue(JsEngine.java:169)
- com.intuit.karate.graal.JsEngine.eval(JsEngine.java:165)
- com.intuit.karate.core.ScenarioEngine.evalJs(ScenarioEngine.java:1286)
- com.intuit.karate.core.ScenarioEngine.evalKarateExpression(ScenarioEngine.java:2238)
- com.intuit.karate.core.ScenarioEngine.evalKarateExpression(ScenarioEngine.java:2157)
- com.intuit.karate.core.ScenarioEngine.match(ScenarioEngine.java:1825)

classpath:udea/register/register.feature:290
19:29:09.745 [main] INFO  com.intuit.karate - karate.env system property was: null 
19:29:09.747 [main] DEBUG com.intuit.karate - request:
1 > POST https://codefact.udea.edu.co/modulo-01/public/api/auth/register
1 > Content-Type: application/json; charset=UTF-8
1 > Content-Length: 313
1 > Host: codefact.udea.edu.co
1 > Connection: Keep-Alive
1 > User-Agent: Apache-HttpClient/4.5.14 (Java/21.0.3)
1 > Accept-Encoding: gzip,deflate
{"cc":"1111111111","idType":"pasaporte","firstname":"Esteban","lastname":"1234","password":"Aj_H|u4{p85v\/!{3+kp","mail":"esteban.salas@example.com","country":"USA","province":"California","city":"San Francisco","residence":"123 Main St, Apt 4B","phone":"123-456-7890","role":"ROLE_USER","birthdate":"2010-10-15"}

19:29:09.856 [main] DEBUG com.intuit.karate - response time in milliseconds: 108
1 < 400
1 < Server: nginx/1.14.1
1 < Date: Wed, 29 May 2024 00:29:09 GMT
1 < Content-Type: text/plain;charset=UTF-8
1 < Content-Length: 79
1 < Connection: keep-alive
1 < Vary: Origin
1 < Vary: Access-Control-Request-Method
1 < Vary: Access-Control-Request-Headers
1 < X-Content-Type-Options: nosniff
1 < X-XSS-Protection: 1; mode=block
1 < Cache-Control: no-cache, no-store, max-age=0, must-revalidate
1 < Pragma: no-cache
1 < Expires: 0
1 < Strict-Transport-Security: max-age=31536000 ; includeSubDomains
1 < X-Frame-Options: DENY
1 < Content-Security-Policy: default-src 'self';base-uri 'self';font-src 'self' https: data:;form-action 'self';frame-ancestors 'self';img-src 'self' data:;object-src 'none';script-src 'self';script-src-attr 'none';style-src 'self' https: 'unsafe-inline';upgrade-insecure-requests
Registration failed: Person with email esteban.salas@example.com already exists

19:29:09.859 [main] ERROR com.intuit.karate - classpath:udea/register/register.feature:314
Then match response[*].defaultMessage contains 'Birthdate must be at least 18 years old'
js failed:
>>>>
01: response[*].defaultMessage
<<<<
org.graalvm.polyglot.PolyglotException: SyntaxError: Unnamed:1:9 Expected an operand but found *
response[*].defaultMessage
         ^

- org.graalvm.polyglot.Context.eval(Context.java:425)
- com.intuit.karate.graal.JsEngine.evalForValue(JsEngine.java:169)
- com.intuit.karate.graal.JsEngine.eval(JsEngine.java:165)
- com.intuit.karate.core.ScenarioEngine.evalJs(ScenarioEngine.java:1286)
- com.intuit.karate.core.ScenarioEngine.evalKarateExpression(ScenarioEngine.java:2238)
- com.intuit.karate.core.ScenarioEngine.evalKarateExpression(ScenarioEngine.java:2157)
- com.intuit.karate.core.ScenarioEngine.match(ScenarioEngine.java:1825)

classpath:udea/register/register.feature:314
19:29:09.865 [main] INFO  com.intuit.karate - karate.env system property was: null 
19:29:09.867 [main] DEBUG com.intuit.karate - request:
1 > POST https://codefact.udea.edu.co/modulo-01/public/api/auth/register
1 > Content-Type: application/json; charset=UTF-8
1 > Content-Length: 313
1 > Host: codefact.udea.edu.co
1 > Connection: Keep-Alive
1 > User-Agent: Apache-HttpClient/4.5.14 (Java/21.0.3)
1 > Accept-Encoding: gzip,deflate
{"cc":"1111111111","idType":"pasaporte","firstname":"Esteban","lastname":"1234","password":"Aj_H|u4{p85v\/!{3+kp","mail":"esteban.salas@example.com","country":"USA","province":"California","city":"San Francisco","residence":"123 Main St, Apt 4B","phone":"123-456-7890","role":"ROLE_USER","birthdate":"2030-10-15"}

19:29:09.975 [main] DEBUG com.intuit.karate - response time in milliseconds: 106
1 < 400
1 < Server: nginx/1.14.1
1 < Date: Wed, 29 May 2024 00:29:09 GMT
1 < Content-Type: text/plain;charset=UTF-8
1 < Content-Length: 79
1 < Connection: keep-alive
1 < Vary: Origin
1 < Vary: Access-Control-Request-Method
1 < Vary: Access-Control-Request-Headers
1 < X-Content-Type-Options: nosniff
1 < X-XSS-Protection: 1; mode=block
1 < Cache-Control: no-cache, no-store, max-age=0, must-revalidate
1 < Pragma: no-cache
1 < Expires: 0
1 < Strict-Transport-Security: max-age=31536000 ; includeSubDomains
1 < X-Frame-Options: DENY
1 < Content-Security-Policy: default-src 'self';base-uri 'self';font-src 'self' https: data:;form-action 'self';frame-ancestors 'self';img-src 'self' data:;object-src 'none';script-src 'self';script-src-attr 'none';style-src 'self' https: 'unsafe-inline';upgrade-insecure-requests
Registration failed: Person with email esteban.salas@example.com already exists

19:29:09.976 [main] ERROR com.intuit.karate - classpath:udea/register/register.feature:338
Then match response[*].defaultMessage contains 'Birthdate must be at most the current date minus 18 years'
js failed:
>>>>
01: response[*].defaultMessage
<<<<
org.graalvm.polyglot.PolyglotException: SyntaxError: Unnamed:1:9 Expected an operand but found *
response[*].defaultMessage
         ^

- org.graalvm.polyglot.Context.eval(Context.java:425)
- com.intuit.karate.graal.JsEngine.evalForValue(JsEngine.java:169)
- com.intuit.karate.graal.JsEngine.eval(JsEngine.java:165)
- com.intuit.karate.core.ScenarioEngine.evalJs(ScenarioEngine.java:1286)
- com.intuit.karate.core.ScenarioEngine.evalKarateExpression(ScenarioEngine.java:2238)
- com.intuit.karate.core.ScenarioEngine.evalKarateExpression(ScenarioEngine.java:2157)
- com.intuit.karate.core.ScenarioEngine.match(ScenarioEngine.java:1825)

classpath:udea/register/register.feature:338
19:29:09.980 [main] INFO  com.intuit.karate - karate.env system property was: null 
19:29:09.981 [main] DEBUG com.intuit.karate - request:
1 > POST https://codefact.udea.edu.co/modulo-01/public/api/auth/register
1 > Content-Type: application/json; charset=UTF-8
1 > Content-Length: 304
1 > Host: codefact.udea.edu.co
1 > Connection: Keep-Alive
1 > User-Agent: Apache-HttpClient/4.5.14 (Java/21.0.3)
1 > Accept-Encoding: gzip,deflate
{"cc":"1111111111","idType":"pasaporte","firstname":"Esteban","lastname":"Salas","password":"Password1!","mail":"esteban.salas@example.com","country":"USA","province":"California","city":"San Francisco","residence":"123 Main St, Apt 4B","phone":"123-456-7890","role":"ROLE_USER","birthdate":"1985-10-15"}

19:29:10.089 [main] DEBUG com.intuit.karate - response time in milliseconds: 108
1 < 400
1 < Server: nginx/1.14.1
1 < Date: Wed, 29 May 2024 00:29:09 GMT
1 < Content-Type: text/plain;charset=UTF-8
1 < Content-Length: 79
1 < Connection: keep-alive
1 < Vary: Origin
1 < Vary: Access-Control-Request-Method
1 < Vary: Access-Control-Request-Headers
1 < X-Content-Type-Options: nosniff
1 < X-XSS-Protection: 1; mode=block
1 < Cache-Control: no-cache, no-store, max-age=0, must-revalidate
1 < Pragma: no-cache
1 < Expires: 0
1 < Strict-Transport-Security: max-age=31536000 ; includeSubDomains
1 < X-Frame-Options: DENY
1 < Content-Security-Policy: default-src 'self';base-uri 'self';font-src 'self' https: data:;form-action 'self';frame-ancestors 'self';img-src 'self' data:;object-src 'none';script-src 'self';script-src-attr 'none';style-src 'self' https: 'unsafe-inline';upgrade-insecure-requests
Registration failed: Person with email esteban.salas@example.com already exists

